<?xml version="1.0" encoding="UTF-8"?>
<Site BuildName="(empty)"
	BuildStamp="20240825-0938-Experimental"
	Name="syz-TUF-Gaming-FX505GE-FX86FE"
	Generator="ctest-3.10.2"
	CompilerName="/usr/bin/c++"
	CompilerVersion="7.5.0"
	OSName="Linux"
	Hostname="syz-TUF-Gaming-FX505GE-FX86FE"
	OSRelease="5.4.0-150-generic"
	OSVersion="#167~18.04.1-Ubuntu SMP Wed May 24 00:51:42 UTC 2023"
	OSPlatform="x86_64"
	Is64Bits="1"
	VendorString="GenuineIntel"
	VendorID="Intel Corporation"
	FamilyID="6"
	ModelID="158"
	ProcessorCacheSize="8192"
	NumberOfLogicalCPU="8"
	NumberOfPhysicalCPU="4"
	TotalVirtualMemory="7628"
	TotalPhysicalMemory="7808"
	LogicalProcessorsPerPhysical="2"
	ProcessorClockFrequency="1198.88"
	>
	<Testing>
		<StartDateTime>Aug 25 23:19 CST</StartDateTime>
		<StartTestTime>1724599198</StartTestTime>
		<TestList/>
		<EndDateTime>Aug 25 23:19 CST</EndDateTime>
		<EndTestTime>1724599198</EndTestTime>
		<ElapsedMinutes>0</ElapsedMinutes>
	</Testing>
</Site>
